<?xml version="1.0" encoding="UTF-8"?>
<!-- Generated by org.testng.reporters.JUnitXMLReporter -->
<testsuite hostname="ESL006" ignored="0" name="Home Page-Tests" tests="1" failures="1" timestamp="17 Apr 2018 11:24:16 GMT" time="20.217" errors="0">
  <testcase name="test" time="12.882" classname="enh.web.tests.CRM_TC_093">
    <failure type="java.lang.NullPointerException">
      <![CDATA[java.lang.NullPointerException
	at utilities.HtmlReportUtil.attachScreenshot(HtmlReportUtil.java:332)
	at enh.web.tests.CRM_TC_093.test(CRM_TC_093.java:63)
	at suite.runner.CustomSuiteRunner.suiteRunner(CustomSuiteRunner.java:136)
... Removed 50 stack frames]]>
    </failure>
  </testcase> <!-- test -->
</testsuite> <!-- Home Page-Tests -->
